<?xml version="1.0" encoding="UTF-8"?>
<testng-results total="1" passed="1" failed="0" skipped="0">
  <reporter-output>
  </reporter-output>
  <suite started-at="2022-08-24T13:38:33Z" name="Default suite" finished-at="2022-08-24T13:39:00Z" duration-ms="27134">
    <groups>
    </groups>
    <test started-at="2022-08-24T13:38:33Z" name="Default test" finished-at="2022-08-24T13:39:00Z" duration-ms="27134">
      <class name="sql.testing.SeleniumTest">
        <test-method signature="m1()[pri:0, instance:sql.testing.SeleniumTest@3c77d488]" started-at="2022-08-24T19:08:33Z" name="m1" finished-at="2022-08-24T19:09:00Z" duration-ms="27121" status="PASS">
          <reporter-output>
          </reporter-output>
        </test-method> <!-- m1 -->
      </class> <!-- sql.testing.SeleniumTest -->
    </test> <!-- Default test -->
  </suite> <!-- Default suite -->
</testng-results>
