<?xml version="1.0" encoding="UTF-8"?>
<testng-results total="1" passed="1" failed="0" skipped="0">
  <reporter-output>
  </reporter-output>
  <suite started-at="2023-04-07T09:30:50Z" name="Default suite" finished-at="2023-04-07T09:31:06Z" duration-ms="15893">
    <groups>
    </groups>
    <test started-at="2023-04-07T09:30:50Z" name="Default test" finished-at="2023-04-07T09:31:06Z" duration-ms="15893">
      <class name="com.test.layer.HomePageTest">
        <test-method is-config="true" signature="setup()[pri:0, instance:com.test.layer.HomePageTest@2a7f1f10]" started-at="2023-04-07T15:00:50Z" name="setup" finished-at="2023-04-07T15:01:05Z" duration-ms="14971" status="PASS">
          <reporter-output>
          </reporter-output>
        </test-method> <!-- setup -->
        <test-method signature="Componenets()[pri:0, instance:com.test.layer.HomePageTest@2a7f1f10]" started-at="2023-04-07T15:01:05Z" name="Componenets" finished-at="2023-04-07T15:01:06Z" duration-ms="911" status="PASS">
          <reporter-output>
          </reporter-output>
        </test-method> <!-- Componenets -->
      </class> <!-- com.test.layer.HomePageTest -->
    </test> <!-- Default test -->
  </suite> <!-- Default suite -->
</testng-results>
